open source     > level 1, order 1, name 'C:/texlive/2022/texmf-dist/tex/context/base/mkiv/cont-yes.mkiv'
system          > 
system          > ConTeXt  ver: 2021.03.05 19:11 MKIV  fmt: 2022.10.21  int: english/english
system          > 
system          > 'cont-new.mkiv' loaded
open source     > level 2, order 2, name 'C:/texlive/2022/texmf-dist/tex/context/base/mkiv/cont-new.mkiv'
system          > beware: some patches loaded from cont-new.mkiv
close source    > level 2, order 2, name 'C:/texlive/2022/texmf-dist/tex/context/base/mkiv/cont-new.mkiv'
system          > files > jobname 'java-app-cheat-sheet', input './java-app-cheat-sheet', result 'java-app-cheat-sheet'
fonts           > latin modern fonts are not preloaded
languages       > language 'en' is active
system          > synctex functionality is enabled, expect 5-10 pct runtime overhead!
open source     > level 2, order 3, name 'C:/Apps/java-app/misc/cheat-sheet/java-app-cheat-sheet.tex'
open source     > level 3, order 4, name '../../../../Users/Thomas/Dropbox/Schule/tex/basis.tex'
open source     > level 4, order 5, name '../../../../Users/Thomas/Dropbox/Schule/tex/relative.tex'
close source    > level 4, order 5, name '../../../../Users/Thomas/Dropbox/Schule/tex/relative.tex'
open source     > level 4, order 6, name '../../../../Users/Thomas/Dropbox/Schule/tex/luaTk.tex'
close source    > level 4, order 6, name '../../../../Users/Thomas/Dropbox/Schule/tex/luaTk.tex'
open source     > level 4, order 7, name '../../../../Users/Thomas/Dropbox/Schule/tex/luaMP.tex'
close source    > level 4, order 7, name '../../../../Users/Thomas/Dropbox/Schule/tex/luaMP.tex'
selectfont      > the requested font 'DejaVu Mono' has no files for the 'tf' alternative, Latin Modern is used instead.
fonts           > typescripts > unknown library 'me'
close source    > level 3, order 7, name '../../../../Users/Thomas/Dropbox/Schule/tex/basis.tex'
open source     > level 3, order 8, name '../../../../Users/Thomas/Dropbox/Schule/tex/uebungen.tex'
open source     > level 4, order 9, name '../../../../Users/Thomas/Dropbox/Schule/tex/marienschule.tex'
open source     > level 5, order 10, name '../../../../Users/Thomas/Dropbox/Schule/tex/basis.tex'
open source     > level 6, order 11, name '../../../../Users/Thomas/Dropbox/Schule/tex/luaTk.tex'
close source    > level 6, order 11, name '../../../../Users/Thomas/Dropbox/Schule/tex/luaTk.tex'
open source     > level 6, order 12, name '../../../../Users/Thomas/Dropbox/Schule/tex/luaMP.tex'
close source    > level 6, order 12, name '../../../../Users/Thomas/Dropbox/Schule/tex/luaMP.tex'
selectfont      > the requested font 'DejaVu Mono' has no files for the 'tf' alternative, Latin Modern is used instead.
close source    > level 5, order 12, name '../../../../Users/Thomas/Dropbox/Schule/tex/basis.tex'
close source    > level 4, order 12, name '../../../../Users/Thomas/Dropbox/Schule/tex/marienschule.tex'
open source     > level 4, order 13, name '../../../../Users/Thomas/Dropbox/Schule/tex/mathe.tex'
close source    > level 4, order 13, name '../../../../Users/Thomas/Dropbox/Schule/tex/mathe.tex'
close source    > level 3, order 13, name '../../../../Users/Thomas/Dropbox/Schule/tex/uebungen.tex'
open source     > level 3, order 14, name '../../../../Users/Thomas/Dropbox/Schule/tex/info.tex'
modules         > 'highlight-java' is loaded
open source     > level 4, order 15, name 'C:/texlive/2022/texmf-dist/source/context/third/highlight/t-highlight-java.mkiv'
resolvers       > lua > loading file 'C:/texlive/2022/texmf-dist/source/context/third/highlight/t-highlight-common.lua' succeeded
resolvers       > lua > loading file 'C:/texlive/2022/texmf-dist/source/context/third/highlight/t-highlight-java.lua' succeeded
close source    > level 4, order 15, name 'C:/texlive/2022/texmf-dist/source/context/third/highlight/t-highlight-java.mkiv'
modules         > 'highlight-js' is not found
modules         > 'highlight-html' is not found
close source    > level 3, order 15, name '../../../../Users/Thomas/Dropbox/Schule/tex/info.tex'
fonts           > bodyfont '10.5pt' is defined (can better be done global)
fonts           > bodyfont '12.6pt' is defined (can better be done global)
fonts           > bodyfont '8.4pt' is defined (can better be done global)
structure       > sectioning > subject @ level 3 : 0.0.0 -> UI
structure       > sectioning > subsubject @ level 4 : 0.0.0.0 -> Alle UI-Komponenten (\mono {JComponent})

Overfull \hbox (13.45636pt too wide) in paragraph at lines 60--60
 <10: DejaVuSans @ 10.5pt> Legt fest, wel-che Anwei-sun-gen aus-ge-führt wer-den sol-len, wenn ein bestimm-

\hbox(7.97754+2.18408)x400.42206, glue set - 1.0, direction TLT
.\glue(\leftskip) 15.75
.<10: DejaVuSans @ 10.5pt> L
.<10: DejaVuSans @ 10.5pt> e
.<10: DejaVuSans @ 10.5pt> g
.<10: DejaVuSans @ 10.5pt> t
.etc.

structure       > sectioning > subsubject @ level 4 : 0.0.0.0 -> Container (\mono {JPanel}, \mono {JFrame} und \mono {Canvas})
metapost        > initializing instance 'metafun:1' using format 'metafun' and method 'default'
metapost        > loading 'metafun' as 'C:/texlive/2022/texmf-dist/metapost/context/base/mpiv/metafun.mpiv' using method 'default'
metapost        > initializing number mode 'scaled'
structure       > sectioning > subject @ level 3 : 0.0.0 -> Grafiken mit \mono {Canvas}
structure       > sectioning > subsubject @ level 4 : 0.0.0.0 -> Zeichnen-Befehle

Overfull \hbox (4.84555pt too wide) in paragraph at lines 151--152
 <10: DejaVuSans @ 10.5pt> Zeich-net das Bild in das Recht-eck mit Mit-tel-punkt $<13: DejaVuMathTeXGyre @ 10.5pt> ([] | [])$<10: DejaVuSans @ 10.5pt> , Breite <16: lmmono10-regular @ 10.5pt> w<10: DejaVuSans @ 10.5pt> , Höhe <16: lmmono10-regular @ 10.5pt> h<10: DejaVuSans @ 10.5pt> ,

\hbox(7.97754+2.18408)x400.42206, glue set - 1.0, direction TLT
.\glue(\leftskip) 15.75
.<10: DejaVuSans @ 10.5pt> Z
.<10: DejaVuSans @ 10.5pt> e
.<10: DejaVuSans @ 10.5pt> i
.<10: DejaVuSans @ 10.5pt> c
.etc.

structure       > sectioning > subsubject @ level 4 : 0.0.0.0 -> Canvas-Einstellungen
backend         > xmp > using file 'C:/texlive/2022/texmf-dist/tex/context/base/mkiv/lpdf-pdx.xml'
pages           > flushing realpage 1, userpage 1, subpage 1
structure       > sectioning > subsubject @ level 4 : 0.0.0.0 -> Zeichnen-Einstellungen

Overfull \hbox (0.34695pt too wide) in paragraph at lines 203--203
 [][][][] <16: lmmono10-regular @ 10.5pt> setTransform(double m00, double m10, double m01, double m11, double

\hbox(11.57628+4.50186)x400.42206, direction TLT
.\glue(\leftskip) 31.5
.\localpar
..\localinterlinepenalty=0
..\localbrokenpenalty=0
..\localleftbox=null
..\localrightbox=null
.\hbox(0.0+0.0)x0.0, direction TLT
.\latelua0 <function reference 1127>
.\hbox(11.57628+4.50186)x0.0, glue set - 15.75fil, direction TLT
..\glue 0.0 plus 1.0fil minus 1.0fil
..\hbox(11.57628+4.50186)x15.75, direction TLT
...\hbox(11.57628+4.50186)x15.75, glue set 6.95215fil, direction TLT []
.etc.

structure       > sectioning > subject @ level 3 : 0.0.0 -> Assets
structure       > sectioning > subject @ level 3 : 0.0.0 -> Sound
pages           > flushing realpage 2, userpage 2, subpage 2
structure       > sectioning > subject @ level 3 : 0.0.0 -> JImage
structure       > sectioning > subject @ level 3 : 0.0.0 -> Gamepad

Overfull \hbox (22.39285pt too wide) in paragraph at lines 278--279
 [][][][] <16: lmmono10-regular @ 10.5pt> isLeftPressed()/isRightPressed()/isUpPressed()/isDownPressed(): boolean

\hbox(11.57628+4.50186)x400.42206, direction TLT
.\glue(\leftskip) 31.5
.\localpar
..\localinterlinepenalty=0
..\localbrokenpenalty=0
..\localleftbox=null
..\localrightbox=null
.\hbox(0.0+0.0)x0.0, direction TLT
.\latelua0 <function reference 1555>
.\hbox(11.57628+4.50186)x0.0, glue set - 15.75fil, direction TLT
..\glue 0.0 plus 1.0fil minus 1.0fil
..\hbox(11.57628+4.50186)x15.75, direction TLT
...\hbox(11.57628+4.50186)x15.75, glue set 6.95215fil, direction TLT []
.etc.

structure       > sectioning > subject @ level 3 : 0.0.0 -> Konsole
pages           > flushing realpage 3, userpage 3, subpage 3
pages           > flushing realpage 4, userpage 4, subpage 4
close source    > level 2, order 15, name 'C:/Apps/java-app/misc/cheat-sheet/java-app-cheat-sheet.tex'
close source    > level 1, order 15, name 'C:/texlive/2022/texmf-dist/tex/context/base/mkiv/cont-yes.mkiv'
(\end occurred inside a group at level 2)

### semi simple group (level 2) entered at line 158 (\begingroup)
### semi simple group (level 1) entered at line 35 (\begingroup)
### bottom level

system          > start used files

system          > text: java-app-cheat-sheet

system          > stop used files


system          > start used files

system          >    1: filename=char-prv.lua filetype=tex format=tex foundname=C:/texlive/2022/texmf-dist/tex/context/base/mkiv/char-prv.lua fullname=C:/texlive/2022/texmf-dist/tex/context/base/mkiv/char-prv.lua usedmethod=database
system          >    2: filename=cont-yes.mkiv filetype=tex foundname=C:/texlive/2022/texmf-dist/tex/context/base/mkiv/cont-yes.mkiv fullname=C:/texlive/2022/texmf-dist/tex/context/base/mkiv/cont-yes.mkiv usedmethod=database
system          >    3: filename=publ-imp-default.lua filetype=scripts foundname=C:/texlive/2022/texmf-dist/tex/context/base/mkiv/publ-imp-default.lua fullname=C:/texlive/2022/texmf-dist/tex/context/base/mkiv/publ-imp-default.lua usedmethod=database
system          >    4: filename=cont-new.mkiv filetype=tex foundname=C:/texlive/2022/texmf-dist/tex/context/base/mkiv/cont-new.mkiv fullname=C:/texlive/2022/texmf-dist/tex/context/base/mkiv/cont-new.mkiv usedmethod=database
system          >    5: filename=lang-exc.lua filetype=scripts foundname=C:/texlive/2022/texmf-dist/tex/context/base/mkiv/lang-exc.lua fullname=C:/texlive/2022/texmf-dist/tex/context/base/mkiv/lang-exc.lua usedmethod=database
system          >    6: filename=lang-us.lua filetype=scripts foundname=C:/texlive/2022/texmf-dist/tex/context/patterns/mkiv/lang-us.lua fullname=C:/texlive/2022/texmf-dist/tex/context/patterns/mkiv/lang-us.lua usedmethod=database
system          >    7: filename=C:\Apps\java-app\misc\cheat-sheet/java-app-cheat-sheet.tex foundname=C:/Apps/java-app/misc/cheat-sheet/java-app-cheat-sheet.tex fullname=C:/Apps/java-app/misc/cheat-sheet/java-app-cheat-sheet.tex usedmethod=direct
system          >    8: filename=../../../../Users/Thomas/Dropbox/Schule/tex/basis foundname=../../../../Users/Thomas/Dropbox/Schule/tex/basis.tex fullname=C:/Users/Thomas/Dropbox/Schule/tex/basis.tex usedmethod=qualified
system          >    9: filename=../../../../Users/Thomas/Dropbox/Schule/tex/relative foundname=../../../../Users/Thomas/Dropbox/Schule/tex/relative.tex fullname=C:/Users/Thomas/Dropbox/Schule/tex/relative.tex usedmethod=qualified
system          >   10: filename=lang-de.lua filetype=scripts foundname=C:/texlive/2022/texmf-dist/tex/context/patterns/mkiv/lang-de.lua fullname=C:/texlive/2022/texmf-dist/tex/context/patterns/mkiv/lang-de.lua usedmethod=database
system          >   11: filename=../../../../Users/Thomas/Dropbox/Schule/tex/luaTk foundname=../../../../Users/Thomas/Dropbox/Schule/tex/luaTk.tex fullname=C:/Users/Thomas/Dropbox/Schule/tex/luaTk.tex usedmethod=qualified
system          >   12: filename=../../../../Users/Thomas/Dropbox/Schule/tex/luaMP foundname=../../../../Users/Thomas/Dropbox/Schule/tex/luaMP.tex fullname=C:/Users/Thomas/Dropbox/Schule/tex/luaMP.tex usedmethod=qualified
system          >   13: filename=lm.lfg filetype=tex foundname=C:/texlive/2022/texmf-dist/tex/context/fonts/mkiv/lm.lfg fullname=C:/texlive/2022/texmf-dist/tex/context/fonts/mkiv/lm.lfg usedmethod=database
system          >   14: filename=DejaVuSerif.ttf filetype=ttf format=ttf foundname=c:/windows/fonts/DejaVuSerif.ttf fullname=c:/windows/fonts/DejaVuSerif.ttf usedmethod=filesystem
system          >   15: filename=DejaVuMathTeXGyre.ttf filetype=ttf format=ttf foundname=c:/windows/fonts/DejaVuMathTeXGyre.ttf fullname=c:/windows/fonts/DejaVuMathTeXGyre.ttf usedmethod=filesystem
system          >   16: filename=DejaVuSans.ttf filetype=ttf format=ttf foundname=c:/windows/fonts/DejaVuSans.ttf fullname=c:/windows/fonts/DejaVuSans.ttf usedmethod=filesystem
system          >   17: filename=../../../../Users/Thomas/Dropbox/Schule/tex/uebungen foundname=../../../../Users/Thomas/Dropbox/Schule/tex/uebungen.tex fullname=C:/Users/Thomas/Dropbox/Schule/tex/uebungen.tex usedmethod=qualified
system          >   18: filename=../../../../Users/Thomas/Dropbox/Schule/tex/marienschule foundname=../../../../Users/Thomas/Dropbox/Schule/tex/marienschule.tex fullname=C:/Users/Thomas/Dropbox/Schule/tex/marienschule.tex usedmethod=qualified
system          >   19: filename=../../../../Users/Thomas/Dropbox/Schule/tex/mathe foundname=../../../../Users/Thomas/Dropbox/Schule/tex/mathe.tex fullname=C:/Users/Thomas/Dropbox/Schule/tex/mathe.tex usedmethod=qualified
system          >   20: filename=../../../../Users/Thomas/Dropbox/Schule/tex/info foundname=../../../../Users/Thomas/Dropbox/Schule/tex/info.tex fullname=C:/Users/Thomas/Dropbox/Schule/tex/info.tex usedmethod=qualified
system          >   21: filename=t-highlight-java.mkiv filetype=tex foundname=C:/texlive/2022/texmf-dist/source/context/third/highlight/t-highlight-java.mkiv fullname=C:/texlive/2022/texmf-dist/source/context/third/highlight/t-highlight-java.mkiv usedmethod=otherwise
system          >   22: filename=t-highlight-common.lua filetype=tex format=tex foundname=C:/texlive/2022/texmf-dist/source/context/third/highlight/t-highlight-common.lua fullname=C:/texlive/2022/texmf-dist/source/context/third/highlight/t-highlight-common.lua usedmethod=otherwise
system          >   23: filename=t-highlight-java.lua filetype=tex format=tex foundname=C:/texlive/2022/texmf-dist/source/context/third/highlight/t-highlight-java.lua fullname=C:/texlive/2022/texmf-dist/source/context/third/highlight/t-highlight-java.lua usedmethod=otherwise
system          >   24: filename=DejaVuSans-Bold.ttf filetype=ttf format=ttf foundname=c:/windows/fonts/DejaVuSans-Bold.ttf fullname=c:/windows/fonts/DejaVuSans-Bold.ttf usedmethod=filesystem
system          >   25: filename=lmmono10-regular filetype=otf format=otf foundname=C:/texlive/2022/texmf-dist/fonts/opentype/public/lm/lmmono10-regular.otf fullname=C:/texlive/2022/texmf-dist/fonts/opentype/public/lm/lmmono10-regular.otf usedmethod=database
system          >   26: filename=lmmonolt10-bold filetype=otf format=otf foundname=C:/texlive/2022/texmf-dist/fonts/opentype/public/lm/lmmonolt10-bold.otf fullname=C:/texlive/2022/texmf-dist/fonts/opentype/public/lm/lmmonolt10-bold.otf usedmethod=database
system          >   27: filename=C:\Apps\java-app\misc\cheat-sheet/../../res/icon.png format=tex foundname=C:/Apps/java-app/res/icon.png fullname=C:/Apps/java-app/res/icon.png usedmethod=direct
system          >   28: filename=metafun.mpiv filetype=mp foundname=C:/texlive/2022/texmf-dist/metapost/context/base/mpiv/metafun.mpiv fullname=C:/texlive/2022/texmf-dist/metapost/context/base/mpiv/metafun.mpiv usedmethod=database
system          >   29: filename=mp-base.mpiv filetype=mp format=mp foundname=C:/texlive/2022/texmf-dist/metapost/context/base/mpiv/mp-base.mpiv fullname=C:/texlive/2022/texmf-dist/metapost/context/base/mpiv/mp-base.mpiv usedmethod=database
system          >   30: filename=mp-tool.mpiv filetype=mp format=mp foundname=C:/texlive/2022/texmf-dist/metapost/context/base/mpiv/mp-tool.mpiv fullname=C:/texlive/2022/texmf-dist/metapost/context/base/mpiv/mp-tool.mpiv usedmethod=database
system          >   31: filename=mp-mlib.mpiv filetype=mp format=mp foundname=C:/texlive/2022/texmf-dist/metapost/context/base/mpiv/mp-mlib.mpiv fullname=C:/texlive/2022/texmf-dist/metapost/context/base/mpiv/mp-mlib.mpiv usedmethod=database
system          >   32: filename=mp-luas.mpiv filetype=mp format=mp foundname=C:/texlive/2022/texmf-dist/metapost/context/base/mpiv/mp-luas.mpiv fullname=C:/texlive/2022/texmf-dist/metapost/context/base/mpiv/mp-luas.mpiv usedmethod=database
system          >   33: filename=mp-cont.mpiv filetype=mp format=mp foundname=C:/texlive/2022/texmf-dist/metapost/context/base/mpiv/mp-cont.mpiv fullname=C:/texlive/2022/texmf-dist/metapost/context/base/mpiv/mp-cont.mpiv usedmethod=database
system          >   34: filename=mp-page.mpiv filetype=mp format=mp foundname=C:/texlive/2022/texmf-dist/metapost/context/base/mpiv/mp-page.mpiv fullname=C:/texlive/2022/texmf-dist/metapost/context/base/mpiv/mp-page.mpiv usedmethod=database
system          >   35: filename=mp-butt.mpiv filetype=mp format=mp foundname=C:/texlive/2022/texmf-dist/metapost/context/base/mpiv/mp-butt.mpiv fullname=C:/texlive/2022/texmf-dist/metapost/context/base/mpiv/mp-butt.mpiv usedmethod=database
system          >   36: filename=mp-shap.mpiv filetype=mp format=mp foundname=C:/texlive/2022/texmf-dist/metapost/context/base/mpiv/mp-shap.mpiv fullname=C:/texlive/2022/texmf-dist/metapost/context/base/mpiv/mp-shap.mpiv usedmethod=database
system          >   37: filename=mp-grph.mpiv filetype=mp format=mp foundname=C:/texlive/2022/texmf-dist/metapost/context/base/mpiv/mp-grph.mpiv fullname=C:/texlive/2022/texmf-dist/metapost/context/base/mpiv/mp-grph.mpiv usedmethod=database
system          >   38: filename=mp-grid.mpiv filetype=mp format=mp foundname=C:/texlive/2022/texmf-dist/metapost/context/base/mpiv/mp-grid.mpiv fullname=C:/texlive/2022/texmf-dist/metapost/context/base/mpiv/mp-grid.mpiv usedmethod=database
system          >   39: filename=mp-form.mpiv filetype=mp format=mp foundname=C:/texlive/2022/texmf-dist/metapost/context/base/mpiv/mp-form.mpiv fullname=C:/texlive/2022/texmf-dist/metapost/context/base/mpiv/mp-form.mpiv usedmethod=database
system          >   40: filename=mp-figs.mpiv filetype=mp format=mp foundname=C:/texlive/2022/texmf-dist/metapost/context/base/mpiv/mp-figs.mpiv fullname=C:/texlive/2022/texmf-dist/metapost/context/base/mpiv/mp-figs.mpiv usedmethod=database
system          >   41: filename=mp-func.mpiv filetype=mp format=mp foundname=C:/texlive/2022/texmf-dist/metapost/context/base/mpiv/mp-func.mpiv fullname=C:/texlive/2022/texmf-dist/metapost/context/base/mpiv/mp-func.mpiv usedmethod=database
system          >   42: filename=mp-node.mpiv filetype=mp format=mp foundname=C:/texlive/2022/texmf-dist/metapost/context/base/mpiv/mp-node.mpiv fullname=C:/texlive/2022/texmf-dist/metapost/context/base/mpiv/mp-node.mpiv usedmethod=database
system          >   43: filename=mp-apos.mpiv filetype=mp format=mp foundname=C:/texlive/2022/texmf-dist/metapost/context/base/mpiv/mp-apos.mpiv fullname=C:/texlive/2022/texmf-dist/metapost/context/base/mpiv/mp-apos.mpiv usedmethod=database
system          >   44: filename=mp-abck.mpiv filetype=mp format=mp foundname=C:/texlive/2022/texmf-dist/metapost/context/base/mpiv/mp-abck.mpiv fullname=C:/texlive/2022/texmf-dist/metapost/context/base/mpiv/mp-abck.mpiv usedmethod=database
system          >   45: filename=mp-blob.mpiv filetype=mp format=mp foundname=C:/texlive/2022/texmf-dist/metapost/context/base/mpiv/mp-blob.mpiv fullname=C:/texlive/2022/texmf-dist/metapost/context/base/mpiv/mp-blob.mpiv usedmethod=database
system          >   46: filename=../../../../Users/Thomas/Dropbox/Schule/tex/functionsTK.mp format=mp foundname=../../../../Users/Thomas/Dropbox/Schule/tex/functionsTK.mp fullname=C:/Users/Thomas/Dropbox/Schule/tex/functionsTK.mp usedmethod=direct
system          >   47: filename=pdftex.map filetype=map format=map foundname=C:/texlive/2022/texmf-var/fonts/map/pdftex/updmap/pdftex.map fullname=C:/texlive/2022/texmf-var/fonts/map/pdftex/updmap/pdftex.map usedmethod=database
system          >   48: filename=lpdf-pdx.xml filetype=tex foundname=C:/texlive/2022/texmf-dist/tex/context/base/mkiv/lpdf-pdx.xml fullname=C:/texlive/2022/texmf-dist/tex/context/base/mkiv/lpdf-pdx.xml usedmethod=database

system          > stop used files


system          > start commandline options

system          > currentrun="1"
system          > fulljobname="./java-app-cheat-sheet.tex"
system          > input="./java-app-cheat-sheet.tex"
system          > kindofrun="1"
system          > maxnofruns="9"
system          > synctex="true"
system          > texmfbinpath="C:/texlive/2022/bin/win32"

system          > stop commandline options


system          > start commandline files

system          >    1: ./java-app-cheat-sheet.tex

system          > stop commandline files


modules         > start used modules

modules         > missing: *-highlight-html
modules         > loaded : *-highlight-java
modules         > missing: *-highlight-js

modules         > stop used modules



mkiv lua stats  > used config file: selfautoparent:/texmfcnf.lua;selfautoparent:/texmf-dist/web2c/texmfcnf.lua
mkiv lua stats  > used cache path: readable+writable: 'C:/Users/Thomas/.texlive2022/texmf-var/luatex-cache/context/a86c089b384a3076dc514ba966a1fac9'
mkiv lua stats  > resource resolver: loadtime 0.018 seconds, 1 scans with scantime 0.003 seconds, 0 shared scans, 48 found files, scanned paths: C:/Users/Thomas/.texlive2022/texmf-config
mkiv lua stats  > stored bytecode data: 454 modules (0.379 sec), 96 tables (0.020 sec), 550 chunks (0.399 sec)
mkiv lua stats  > traced context: maxstack: 1423, freed: 3, unreachable: 1420
mkiv lua stats  > cleaned up reserved nodes: 76 nodes, 12 lists of 444
mkiv lua stats  > node memory usage: 21 attribute, 5 attribute_list, 2 glue, 53 glue_spec, 3 kern, 9 penalty, 2 temp, 2 user_defined
mkiv lua stats  > node list callback tasks: 8 unique task lists, 10 instances (re)created, 1402 calls
mkiv lua stats  > h-node processing time: 0.014 seconds including kernel
mkiv lua stats  > synctex tracing: 10 referenced files, 5 files ignored, 698 objects flushed, logfile: java-app-cheat-sheet.synctex
mkiv lua stats  > driver time: 0.096 seconds 
mkiv lua stats  > used backend: pdf (backend for directly generating pdf output)
mkiv lua stats  > jobdata time: 0.017 seconds saving, 0.006 seconds loading
mkiv lua stats  > callbacks: internal: 3118, file: 3114, direct: 87, late: 867, function 4226, total: 11412 (2853 per page)
mkiv lua stats  > randomizer: resumed with value 0.24298095703125
mkiv lua stats  > positions: 86 collected, 86 regular, 0 special
mkiv lua stats  > v-node processing time: 0.010 seconds 
mkiv lua stats  > loaded tex modules: 3 requested, 1 found (*-highlight-java), 2 missing (*-highlight-html *-highlight-js)
mkiv lua stats  > result saved in file: java-app-cheat-sheet.pdf, compresslevel 3, objectcompresslevel 1
mkiv lua stats  > loaded patterns: de::3 en::1, load time: 0.000
mkiv lua stats  > interactive elements: 0 references, 12 destinations
mkiv lua stats  > loaded fonts: 6 files: lmmono10-regular.otf, lmmonolt10-bold.otf, dejavumathtexgyre.ttf, dejavusans-bold.ttf, dejavusans.ttf, dejavuserif.ttf
mkiv lua stats  > font engine: otf 3.113, afm 1.513, tfm 1.000, 21 instances, 15 shared in backend, 0 common vectors, 15 common hashes, load time 0.533 seconds 
mkiv lua stats  > body font sizes: defined: 10pt 11pt 12pt 14.4pt 17.3pt 20.7pt 4pt 5pt 6pt 7pt 8pt 9pt, undefined: 10.5pt 12.6pt 8.4pt
mkiv lua stats  > metapost: 0.012 seconds, loading: 0.039, execution: 0.011, n: 8, average: 0.008, instances: 1, luacalls: 32, memory: 2.350 M
mkiv lua stats  > graphics processing time: 0.040 seconds including tex, 52 processed images, 1 unique asked, 1 bad names
mkiv lua stats  > used platform: mswin, type: windows, binary subtree: bin
mkiv lua stats  > used engine: luatex version: 1.15, functionality level: 7509, banner: this is luatex, version 1.15.0 (tex live 2022)
mkiv lua stats  > used hash slots: 50153 of 65536 + 200000
mkiv lua stats  > lua properties: engine: lua 5.3, used memory: 102 MB, ctx: 102 MB, max: unknown MB, hash chars: min(32,40), symbol mask: utf (τεχ)
mkiv lua stats  > runtime: 1.970 seconds, 4 processed pages, 4 shipped pages, 2.030 pages/second

